  [1m[35m (526.3ms)[0m  [1m[35mCREATE DATABASE "capy_development" ENCODING = 'unicode'[0m
  ↳ bin/rails:9
  [1m[35m (249.7ms)[0m  [1m[35mCREATE DATABASE "capy_test" ENCODING = 'unicode'[0m
  ↳ bin/rails:9
  [1m[35m (331.3ms)[0m  [1m[35mCREATE TABLE "schema_migrations" ("version" character varying NOT NULL PRIMARY KEY)[0m
  ↳ bin/rails:9
  [1m[35m (66.9ms)[0m  [1m[35mCREATE TABLE "ar_internal_metadata" ("key" character varying NOT NULL PRIMARY KEY, "value" character varying, "created_at" timestamp NOT NULL, "updated_at" timestamp NOT NULL)[0m
  ↳ bin/rails:9
  [1m[35m (27.0ms)[0m  [1m[34mSELECT pg_try_advisory_lock(1835544096649476885)[0m
  ↳ bin/rails:9
  [1m[35m (9.4ms)[0m  [1m[34mSELECT "schema_migrations"."version" FROM "schema_migrations" ORDER BY "schema_migrations"."version" ASC[0m
  ↳ bin/rails:9
Migrating to CreateUsers (20180914182521)
  [1m[35m (0.3ms)[0m  [1m[35mBEGIN[0m
  ↳ bin/rails:9
  [1m[35m (95.6ms)[0m  [1m[35mCREATE TABLE "users" ("id" bigserial primary key, "username" character varying NOT NULL, "password_digest" character varying NOT NULL, "session_token" character varying NOT NULL, "created_at" timestamp NOT NULL, "updated_at" timestamp NOT NULL)[0m
  ↳ db/migrate/20180914182521_create_users.rb:3
  [1m[35m (25.2ms)[0m  [1m[35mCREATE UNIQUE INDEX  "index_users_on_username" ON "users"  ("username")[0m
  ↳ db/migrate/20180914182521_create_users.rb:3
  [1m[35m (1.6ms)[0m  [1m[35mCREATE  INDEX  "index_users_on_session_token" ON "users"  ("session_token")[0m
  ↳ db/migrate/20180914182521_create_users.rb:3
  [1m[36mActiveRecord::SchemaMigration Create (34.5ms)[0m  [1m[32mINSERT INTO "schema_migrations" ("version") VALUES ($1) RETURNING "version"[0m  [["version", "20180914182521"]]
  ↳ bin/rails:9
  [1m[35m (1.0ms)[0m  [1m[35mCOMMIT[0m
  ↳ bin/rails:9
  [1m[36mActiveRecord::InternalMetadata Load (20.5ms)[0m  [1m[34mSELECT  "ar_internal_metadata".* FROM "ar_internal_metadata" WHERE "ar_internal_metadata"."key" = $1 LIMIT $2[0m  [["key", "environment"], ["LIMIT", 1]]
  ↳ bin/rails:9
  [1m[35m (0.2ms)[0m  [1m[35mBEGIN[0m
  ↳ bin/rails:9
  [1m[36mActiveRecord::InternalMetadata Create (16.9ms)[0m  [1m[32mINSERT INTO "ar_internal_metadata" ("key", "value", "created_at", "updated_at") VALUES ($1, $2, $3, $4) RETURNING "key"[0m  [["key", "environment"], ["value", "development"], ["created_at", "2018-09-14 18:30:36.455632"], ["updated_at", "2018-09-14 18:30:36.455632"]]
  ↳ bin/rails:9
  [1m[35m (0.4ms)[0m  [1m[35mCOMMIT[0m
  ↳ bin/rails:9
  [1m[35m (0.3ms)[0m  [1m[34mSELECT pg_advisory_unlock(1835544096649476885)[0m
  ↳ bin/rails:9
  [1m[35m (11.7ms)[0m  [1m[34mSELECT "schema_migrations"."version" FROM "schema_migrations" ORDER BY "schema_migrations"."version" ASC[0m
  ↳ bin/rails:9
  [1m[35m (1.1ms)[0m  [1m[34mSELECT "schema_migrations"."version" FROM "schema_migrations" ORDER BY "schema_migrations"."version" ASC[0m
  ↳ /usr/local/var/rbenv/versions/2.5.0/bin/annotate:23
  [1m[36mUser Load (1.3ms)[0m  [1m[34mSELECT "users".* FROM "users"[0m
  [1m[36mUser Load (0.9ms)[0m  [1m[34mSELECT "users".* FROM "users"[0m
  [1m[35m (0.3ms)[0m  [1m[35mBEGIN[0m
  [1m[36mUser Exists (1.1ms)[0m  [1m[34mSELECT  1 AS one FROM "users" WHERE "users"."username" = $1 LIMIT $2[0m  [["username", "Goose"], ["LIMIT", 1]]
  [1m[35m (0.3ms)[0m  [1m[31mROLLBACK[0m
Started GET "/" for 127.0.0.1 at 2018-09-14 14:43:47 -0700
  [1m[35m (13.4ms)[0m  [1m[34mSELECT "schema_migrations"."version" FROM "schema_migrations" ORDER BY "schema_migrations"."version" ASC[0m
  ↳ /usr/local/var/rbenv/versions/2.5.0/lib/ruby/gems/2.5.0/gems/activerecord-5.2.1/lib/active_record/log_subscriber.rb:98
Processing by Rails::WelcomeController#index as HTML
  Rendering /usr/local/var/rbenv/versions/2.5.0/lib/ruby/gems/2.5.0/gems/railties-5.2.1/lib/rails/templates/rails/welcome/index.html.erb
  Rendered /usr/local/var/rbenv/versions/2.5.0/lib/ruby/gems/2.5.0/gems/railties-5.2.1/lib/rails/templates/rails/welcome/index.html.erb (10.7ms)
Completed 200 OK in 89ms (Views: 41.5ms | ActiveRecord: 0.0ms)


Started GET "/users/new" for 127.0.0.1 at 2018-09-14 14:43:51 -0700
Processing by UsersController#new as HTML
  Rendering users/new.html.erb within layouts/application
  Rendered users/new.html.erb within layouts/application (0.4ms)
Completed 200 OK in 402ms (Views: 401.8ms | ActiveRecord: 0.0ms)


Started GET "/users/new" for 127.0.0.1 at 2018-09-14 16:01:19 -0700
  [1m[35m (35.1ms)[0m  [1m[34mSELECT "schema_migrations"."version" FROM "schema_migrations" ORDER BY "schema_migrations"."version" ASC[0m
  ↳ /usr/local/var/rbenv/versions/2.5.0/lib/ruby/gems/2.5.0/gems/activerecord-5.2.1/lib/active_record/log_subscriber.rb:98
Processing by UsersController#new as HTML
  Rendering users/new.html.erb within layouts/application
  Rendered users/new.html.erb within layouts/application (8.8ms)
Completed 200 OK in 362ms (Views: 352.9ms | ActiveRecord: 0.0ms)


Started GET "/users/new" for 127.0.0.1 at 2018-09-14 16:16:15 -0700
Processing by UsersController#new as HTML
  Rendering users/new.html.erb within layouts/application
  Rendered users/new.html.erb within layouts/application (0.5ms)
Completed 200 OK in 30ms (Views: 20.5ms | ActiveRecord: 0.0ms)


Started GET "/users/new" for 127.0.0.1 at 2018-09-14 16:17:13 -0700
  [1m[35m (1.1ms)[0m  [1m[34mSELECT "schema_migrations"."version" FROM "schema_migrations" ORDER BY "schema_migrations"."version" ASC[0m
  ↳ /usr/local/var/rbenv/versions/2.5.0/lib/ruby/gems/2.5.0/gems/activerecord-5.2.1/lib/active_record/log_subscriber.rb:98
Processing by UsersController#new as HTML
  Rendering users/new.html.erb within layouts/application
  Rendered users/new.html.erb within layouts/application (7.5ms)
Completed 200 OK in 278ms (Views: 266.1ms | ActiveRecord: 0.0ms)


Started GET "/users/new" for 127.0.0.1 at 2018-09-14 16:17:54 -0700
Processing by UsersController#new as HTML
  Rendering users/new.html.erb within layouts/application
  Rendered users/new.html.erb within layouts/application (0.7ms)
  [1m[36mUser Load (30.0ms)[0m  [1m[34mSELECT  "users".* FROM "users" WHERE "users"."session_token" IS NULL LIMIT $1[0m  [["LIMIT", 1]]
  ↳ app/controllers/application_controller.rb:18
Completed 200 OK in 162ms (Views: 118.2ms | ActiveRecord: 42.6ms)


Started GET "/users/new" for 127.0.0.1 at 2018-09-14 16:18:05 -0700
  [1m[35m (1.0ms)[0m  [1m[34mSELECT "schema_migrations"."version" FROM "schema_migrations" ORDER BY "schema_migrations"."version" ASC[0m
  ↳ /usr/local/var/rbenv/versions/2.5.0/lib/ruby/gems/2.5.0/gems/activerecord-5.2.1/lib/active_record/log_subscriber.rb:98
Processing by UsersController#new as HTML
  Rendering users/new.html.erb within layouts/application
  Rendered users/new.html.erb within layouts/application (0.9ms)
  [1m[36mUser Load (0.8ms)[0m  [1m[34mSELECT  "users".* FROM "users" WHERE "users"."session_token" IS NULL LIMIT $1[0m  [["LIMIT", 1]]
  ↳ app/controllers/application_controller.rb:18
Completed 200 OK in 349ms (Views: 333.4ms | ActiveRecord: 6.0ms)


Started GET "/users/new" for 127.0.0.1 at 2018-09-14 16:18:19 -0700
Processing by UsersController#new as HTML
  Rendering users/new.html.erb within layouts/application
  Rendered users/new.html.erb within layouts/application (0.6ms)
  [1m[36mUser Load (1.2ms)[0m  [1m[34mSELECT  "users".* FROM "users" WHERE "users"."session_token" IS NULL LIMIT $1[0m  [["LIMIT", 1]]
  ↳ app/controllers/application_controller.rb:18
Completed 200 OK in 26ms (Views: 24.2ms | ActiveRecord: 1.2ms)


Started GET "/users/new" for 127.0.0.1 at 2018-09-14 16:18:28 -0700
Processing by UsersController#new as HTML
  Rendering users/new.html.erb within layouts/application
  Rendered users/new.html.erb within layouts/application (0.6ms)
  [1m[36mUser Load (0.9ms)[0m  [1m[34mSELECT  "users".* FROM "users" WHERE "users"."session_token" IS NULL LIMIT $1[0m  [["LIMIT", 1]]
  ↳ app/controllers/application_controller.rb:18
Completed 200 OK in 26ms (Views: 24.6ms | ActiveRecord: 0.9ms)


Started GET "/users/new" for 127.0.0.1 at 2018-09-14 16:20:29 -0700
  [1m[35m (1.0ms)[0m  [1m[34mSELECT "schema_migrations"."version" FROM "schema_migrations" ORDER BY "schema_migrations"."version" ASC[0m
  ↳ /usr/local/var/rbenv/versions/2.5.0/lib/ruby/gems/2.5.0/gems/activerecord-5.2.1/lib/active_record/log_subscriber.rb:98
Processing by UsersController#new as HTML
  Rendering users/new.html.erb within layouts/application
  Rendered users/new.html.erb within layouts/application (6.9ms)
  [1m[36mUser Load (0.9ms)[0m  [1m[34mSELECT  "users".* FROM "users" WHERE "users"."session_token" IS NULL LIMIT $1[0m  [["LIMIT", 1]]
  ↳ app/controllers/application_controller.rb:18
Completed 200 OK in 517ms (Views: 486.4ms | ActiveRecord: 5.9ms)


Started GET "/users/session_url?authenticity_token=cr3INbdhVmKVCVi%2FG6w25u%2FeGQBt7beKz5SECFB0Ej7H%2Fx9VKT3qtf0%2F6twAJkA12d9JvdzzN1aSAIvnYbweZA%3D%3D" for 127.0.0.1 at 2018-09-14 16:20:37 -0700
Processing by UsersController#show as HTML
  Parameters: {"authenticity_token"=>"cr3INbdhVmKVCVi/G6w25u/eGQBt7beKz5SECFB0Ej7H/x9VKT3qtf0/6twAJkA12d9JvdzzN1aSAIvnYbweZA==", "id"=>"session_url"}
  [1m[36mUser Load (21.1ms)[0m  [1m[34mSELECT  "users".* FROM "users" WHERE "users"."id" = $1 LIMIT $2[0m  [["id", 0], ["LIMIT", 1]]
  ↳ app/controllers/users_controller.rb:24
Completed 404 Not Found in 106ms (ActiveRecord: 101.2ms)



ActiveRecord::RecordNotFound - Couldn't find User with 'id'=session_url:
  app/controllers/users_controller.rb:24:in `show'

Started POST "/__better_errors/cce166d0432c7acc/variables" for 127.0.0.1 at 2018-09-14 16:20:38 -0700
Started POST "/users" for 127.0.0.1 at 2018-09-14 16:21:11 -0700
Processing by UsersController#create as HTML
  Parameters: {"authenticity_token"=>"cr3INbdhVmKVCVi/G6w25u/eGQBt7beKz5SECFB0Ej7H/x9VKT3qtf0/6twAJkA12d9JvdzzN1aSAIvnYbweZA==", "user"=>{"username"=>"henry", "password"=>"[FILTERED]"}}
  [1m[35m (9.2ms)[0m  [1m[35mBEGIN[0m
  ↳ app/controllers/users_controller.rb:14
  [1m[36mUser Exists (55.4ms)[0m  [1m[34mSELECT  1 AS one FROM "users" WHERE "users"."username" = $1 LIMIT $2[0m  [["username", "henry"], ["LIMIT", 1]]
  ↳ app/controllers/users_controller.rb:14
  [1m[36mUser Create (63.7ms)[0m  [1m[32mINSERT INTO "users" ("username", "password_digest", "session_token", "created_at", "updated_at") VALUES ($1, $2, $3, $4, $5) RETURNING "id"[0m  [["username", "henry"], ["password_digest", "$2a$10$4ZUd2hA5AkmPzK.i2Dt50Opuft6oj4C2ijlFiDT/xKppDOmcl5Dva"], ["session_token", "MsQoypWSiuVEcYCLuStdsA"], ["created_at", "2018-09-14 23:21:11.355145"], ["updated_at", "2018-09-14 23:21:11.355145"]]
  ↳ app/controllers/users_controller.rb:14
  [1m[35m (0.6ms)[0m  [1m[35mCOMMIT[0m
  ↳ app/controllers/users_controller.rb:14
  [1m[35m (0.2ms)[0m  [1m[35mBEGIN[0m
  ↳ app/models/user.rb:48
  [1m[36mUser Exists (0.7ms)[0m  [1m[34mSELECT  1 AS one FROM "users" WHERE "users"."username" = $1 AND "users"."id" != $2 LIMIT $3[0m  [["username", "henry"], ["id", 2], ["LIMIT", 1]]
  ↳ app/models/user.rb:48
  [1m[36mUser Update (1.6ms)[0m  [1m[33mUPDATE "users" SET "session_token" = $1, "updated_at" = $2 WHERE "users"."id" = $3[0m  [["session_token", "Mx1i5VE64H77f4NVjcPadg"], ["updated_at", "2018-09-14 23:21:11.425073"], ["id", 2]]
  ↳ app/models/user.rb:48
  [1m[35m (0.5ms)[0m  [1m[35mCOMMIT[0m
  ↳ app/models/user.rb:48
Redirected to http://localhost:3000/users/2
Completed 302 Found in 241ms (ActiveRecord: 131.9ms)


Started GET "/users/2" for 127.0.0.1 at 2018-09-14 16:21:11 -0700
Processing by UsersController#show as HTML
  Parameters: {"id"=>"2"}
  [1m[36mUser Load (0.5ms)[0m  [1m[34mSELECT  "users".* FROM "users" WHERE "users"."id" = $1 LIMIT $2[0m  [["id", 2], ["LIMIT", 1]]
  ↳ app/controllers/users_controller.rb:24
  Rendering users/show.html.erb within layouts/application
  Rendered users/show.html.erb within layouts/application (0.5ms)
  [1m[36mUser Load (0.5ms)[0m  [1m[34mSELECT  "users".* FROM "users" WHERE "users"."session_token" = $1 LIMIT $2[0m  [["session_token", "Mx1i5VE64H77f4NVjcPadg"], ["LIMIT", 1]]
  ↳ app/controllers/application_controller.rb:18
Completed 200 OK in 54ms (Views: 34.6ms | ActiveRecord: 0.9ms)


Started DELETE "/users/session_url" for 127.0.0.1 at 2018-09-14 16:21:16 -0700
  
ActionController::RoutingError (No route matches [DELETE] "/users/session_url"):
  
actionpack (5.2.1) lib/action_dispatch/middleware/debug_exceptions.rb:65:in `call'
web-console (3.7.0) lib/web_console/middleware.rb:135:in `call_app'
web-console (3.7.0) lib/web_console/middleware.rb:30:in `block in call'
web-console (3.7.0) lib/web_console/middleware.rb:20:in `catch'
web-console (3.7.0) lib/web_console/middleware.rb:20:in `call'
actionpack (5.2.1) lib/action_dispatch/middleware/show_exceptions.rb:33:in `call'
railties (5.2.1) lib/rails/rack/logger.rb:38:in `call_app'
railties (5.2.1) lib/rails/rack/logger.rb:26:in `block in call'
activesupport (5.2.1) lib/active_support/tagged_logging.rb:71:in `block in tagged'
activesupport (5.2.1) lib/active_support/tagged_logging.rb:28:in `tagged'
activesupport (5.2.1) lib/active_support/tagged_logging.rb:71:in `tagged'
railties (5.2.1) lib/rails/rack/logger.rb:26:in `call'
sprockets-rails (3.2.1) lib/sprockets/rails/quiet_assets.rb:13:in `call'
actionpack (5.2.1) lib/action_dispatch/middleware/remote_ip.rb:81:in `call'
actionpack (5.2.1) lib/action_dispatch/middleware/request_id.rb:27:in `call'
rack (2.0.5) lib/rack/method_override.rb:22:in `call'
rack (2.0.5) lib/rack/runtime.rb:22:in `call'
activesupport (5.2.1) lib/active_support/cache/strategy/local_cache_middleware.rb:29:in `call'
actionpack (5.2.1) lib/action_dispatch/middleware/executor.rb:14:in `call'
actionpack (5.2.1) lib/action_dispatch/middleware/static.rb:127:in `call'
rack (2.0.5) lib/rack/sendfile.rb:111:in `call'
railties (5.2.1) lib/rails/engine.rb:524:in `call'
puma (3.12.0) lib/puma/configuration.rb:225:in `call'
puma (3.12.0) lib/puma/server.rb:658:in `handle_request'
puma (3.12.0) lib/puma/server.rb:472:in `process_client'
puma (3.12.0) lib/puma/server.rb:332:in `block in run'
puma (3.12.0) lib/puma/thread_pool.rb:133:in `block in spawn_thread'
Started GET "/users" for 127.0.0.1 at 2018-09-14 16:41:55 -0700
  [1m[35m (44.1ms)[0m  [1m[34mSELECT "schema_migrations"."version" FROM "schema_migrations" ORDER BY "schema_migrations"."version" ASC[0m
  ↳ /usr/local/var/rbenv/versions/2.5.0/lib/ruby/gems/2.5.0/gems/activerecord-5.2.1/lib/active_record/log_subscriber.rb:98
Processing by UsersController#index as HTML
  Rendering users/index.html.erb within layouts/application
  [1m[36mUser Load (47.6ms)[0m  [1m[34mSELECT "users".* FROM "users"[0m
  ↳ app/views/users/index.html.erb:4
  Rendered users/index.html.erb within layouts/application (219.6ms)
Completed 500 Internal Server Error in 272ms (ActiveRecord: 138.4ms)



NoMethodError - undefined method `name' for #<User:0x00007f851fe5a938>:
  app/views/users/index.html.erb:6:in `block in _app_views_users_index_html_erb__1246830506814820746_70104871591740'
  app/views/users/index.html.erb:4:in `_app_views_users_index_html_erb__1246830506814820746_70104871591740'
  app/controllers/users_controller.rb:4:in `index'

Started POST "/__better_errors/1bd31c38510f9e5a/variables" for 127.0.0.1 at 2018-09-14 16:41:57 -0700
Started GET "/users" for 127.0.0.1 at 2018-09-14 16:42:20 -0700
Processing by UsersController#index as HTML
  Rendering users/index.html.erb within layouts/application
  [1m[36mUser Load (2.3ms)[0m  [1m[34mSELECT "users".* FROM "users"[0m
  ↳ app/views/users/index.html.erb:4
  Rendered users/index.html.erb within layouts/application (5.8ms)
  [1m[36mUser Load (1.1ms)[0m  [1m[34mSELECT  "users".* FROM "users" WHERE "users"."session_token" IS NULL LIMIT $1[0m  [["LIMIT", 1]]
  ↳ app/controllers/application_controller.rb:18
Completed 200 OK in 331ms (Views: 326.7ms | ActiveRecord: 3.3ms)


Started GET "/session_url?authenticity_token=dGjFtP1CY4G%2BIE9EYk%2BueDw1c8ndTZxMVWyZow%2FtsOKpLFjAo273hoGGXkA3HKHGXjrmHKY5YyBIsJMiGC0rwQ%3D%3D" for 127.0.0.1 at 2018-09-14 16:42:23 -0700
  
ActionController::RoutingError (No route matches [GET] "/session_url"):
  
actionpack (5.2.1) lib/action_dispatch/middleware/debug_exceptions.rb:65:in `call'
web-console (3.7.0) lib/web_console/middleware.rb:135:in `call_app'
web-console (3.7.0) lib/web_console/middleware.rb:30:in `block in call'
web-console (3.7.0) lib/web_console/middleware.rb:20:in `catch'
web-console (3.7.0) lib/web_console/middleware.rb:20:in `call'
actionpack (5.2.1) lib/action_dispatch/middleware/show_exceptions.rb:33:in `call'
railties (5.2.1) lib/rails/rack/logger.rb:38:in `call_app'
railties (5.2.1) lib/rails/rack/logger.rb:26:in `block in call'
activesupport (5.2.1) lib/active_support/tagged_logging.rb:71:in `block in tagged'
activesupport (5.2.1) lib/active_support/tagged_logging.rb:28:in `tagged'
activesupport (5.2.1) lib/active_support/tagged_logging.rb:71:in `tagged'
railties (5.2.1) lib/rails/rack/logger.rb:26:in `call'
sprockets-rails (3.2.1) lib/sprockets/rails/quiet_assets.rb:13:in `call'
actionpack (5.2.1) lib/action_dispatch/middleware/remote_ip.rb:81:in `call'
actionpack (5.2.1) lib/action_dispatch/middleware/request_id.rb:27:in `call'
rack (2.0.5) lib/rack/method_override.rb:22:in `call'
rack (2.0.5) lib/rack/runtime.rb:22:in `call'
activesupport (5.2.1) lib/active_support/cache/strategy/local_cache_middleware.rb:29:in `call'
actionpack (5.2.1) lib/action_dispatch/middleware/executor.rb:14:in `call'
actionpack (5.2.1) lib/action_dispatch/middleware/static.rb:127:in `call'
rack (2.0.5) lib/rack/sendfile.rb:111:in `call'
railties (5.2.1) lib/rails/engine.rb:524:in `call'
puma (3.12.0) lib/puma/configuration.rb:225:in `call'
puma (3.12.0) lib/puma/server.rb:658:in `handle_request'
puma (3.12.0) lib/puma/server.rb:472:in `process_client'
puma (3.12.0) lib/puma/server.rb:332:in `block in run'
puma (3.12.0) lib/puma/thread_pool.rb:133:in `block in spawn_thread'
Started GET "/session/new" for 127.0.0.1 at 2018-09-14 16:45:37 -0700
  [1m[35m (1.4ms)[0m  [1m[34mSELECT "schema_migrations"."version" FROM "schema_migrations" ORDER BY "schema_migrations"."version" ASC[0m
  ↳ /usr/local/var/rbenv/versions/2.5.0/lib/ruby/gems/2.5.0/gems/activerecord-5.2.1/lib/active_record/log_subscriber.rb:98
Processing by SessionsController#new as HTML
  [1m[36mUser Load (1.2ms)[0m  [1m[34mSELECT  "users".* FROM "users" WHERE "users"."session_token" IS NULL LIMIT $1[0m  [["LIMIT", 1]]
  ↳ app/controllers/application_controller.rb:18
  Rendering sessions/new.html.erb within layouts/application
  Rendered sessions/new.html.erb within layouts/application (6.3ms)
  [1m[36mUser Load (0.7ms)[0m  [1m[34mSELECT  "users".* FROM "users" WHERE "users"."session_token" IS NULL LIMIT $1[0m  [["LIMIT", 1]]
  ↳ app/controllers/application_controller.rb:18
Completed 200 OK in 386ms (Views: 308.2ms | ActiveRecord: 15.9ms)


Started POST "/session" for 127.0.0.1 at 2018-09-14 16:45:45 -0700
Processing by SessionsController#create as HTML
  Parameters: {"authenticity_token"=>"FWydCMOlTv6RglcNqhLtHSS3y5F7fs9KXF3VXzjzudTIKAB8nYna+a4kRgn/QeKjRrheRAAKMCZBgd/eLzMi9w==", "user"=>{"username"=>"zapdos", "password"=>"[FILTERED]"}}
  [1m[36mUser Load (1.1ms)[0m  [1m[34mSELECT  "users".* FROM "users" WHERE "users"."session_token" IS NULL LIMIT $1[0m  [["LIMIT", 1]]
  ↳ app/controllers/application_controller.rb:18
  [1m[36mUser Load (30.0ms)[0m  [1m[34mSELECT  "users".* FROM "users" WHERE "users"."username" = $1 LIMIT $2[0m  [["username", "zapdos"], ["LIMIT", 1]]
  ↳ app/models/user.rb:27
Completed 500 Internal Server Error in 69ms (ActiveRecord: 31.5ms)



NameError - undefined local variable or method `pw' for #<Class:0x00007fa9b0d78d70>
Did you mean?  p:
  app/models/user.rb:28:in `find_by_credentials'
  app/controllers/sessions_controller.rb:12:in `create'

Started POST "/__better_errors/7a5624d711bdbcef/variables" for 127.0.0.1 at 2018-09-14 16:45:46 -0700
Started POST "/session" for 127.0.0.1 at 2018-09-14 16:46:05 -0700
Started POST "/session" for 127.0.0.1 at 2018-09-14 16:46:16 -0700
Processing by SessionsController#create as HTML
  Parameters: {"authenticity_token"=>"FWydCMOlTv6RglcNqhLtHSS3y5F7fs9KXF3VXzjzudTIKAB8nYna+a4kRgn/QeKjRrheRAAKMCZBgd/eLzMi9w==", "user"=>{"username"=>"zapdos", "password"=>"[FILTERED]"}}
  [1m[36mUser Load (0.6ms)[0m  [1m[34mSELECT  "users".* FROM "users" WHERE "users"."session_token" IS NULL LIMIT $1[0m  [["LIMIT", 1]]
  ↳ app/controllers/application_controller.rb:18
  [1m[36mUser Load (0.4ms)[0m  [1m[34mSELECT  "users".* FROM "users" WHERE "users"."username" = $1 LIMIT $2[0m  [["username", "zapdos"], ["LIMIT", 1]]
  ↳ app/models/user.rb:27
  [1m[35m (11.1ms)[0m  [1m[35mBEGIN[0m
  ↳ app/models/user.rb:48
  [1m[36mUser Exists (0.7ms)[0m  [1m[34mSELECT  1 AS one FROM "users" WHERE "users"."username" = $1 AND "users"."id" != $2 LIMIT $3[0m  [["username", "zapdos"], ["id", 1], ["LIMIT", 1]]
  ↳ app/models/user.rb:48
  [1m[36mUser Update (66.4ms)[0m  [1m[33mUPDATE "users" SET "session_token" = $1, "updated_at" = $2 WHERE "users"."id" = $3[0m  [["session_token", "HO5fHbfo-sqeDuldq5T4lg"], ["updated_at", "2018-09-14 23:46:16.212020"], ["id", 1]]
  ↳ app/models/user.rb:48
  [1m[35m (0.6ms)[0m  [1m[35mCOMMIT[0m
  ↳ app/models/user.rb:48
Redirected to http://localhost:3000/users/1
Completed 302 Found in 224ms (ActiveRecord: 90.6ms)


Processing by SessionsController#create as HTML
  Parameters: {"authenticity_token"=>"FWydCMOlTv6RglcNqhLtHSS3y5F7fs9KXF3VXzjzudTIKAB8nYna+a4kRgn/QeKjRrheRAAKMCZBgd/eLzMi9w==", "user"=>{"username"=>"zapdos", "password"=>"[FILTERED]"}}
  [1m[36mUser Load (0.7ms)[0m  [1m[34mSELECT  "users".* FROM "users" WHERE "users"."session_token" IS NULL LIMIT $1[0m  [["LIMIT", 1]]
  ↳ app/controllers/application_controller.rb:18
  [1m[36mUser Load (0.8ms)[0m  [1m[34mSELECT  "users".* FROM "users" WHERE "users"."username" = $1 LIMIT $2[0m  [["username", "zapdos"], ["LIMIT", 1]]
  ↳ app/models/user.rb:27
  [1m[35m (0.4ms)[0m  [1m[35mBEGIN[0m
  ↳ app/models/user.rb:48
  [1m[36mUser Exists (0.6ms)[0m  [1m[34mSELECT  1 AS one FROM "users" WHERE "users"."username" = $1 AND "users"."id" != $2 LIMIT $3[0m  [["username", "zapdos"], ["id", 1], ["LIMIT", 1]]
  ↳ app/models/user.rb:48
  [1m[36mUser Update (0.7ms)[0m  [1m[33mUPDATE "users" SET "session_token" = $1, "updated_at" = $2 WHERE "users"."id" = $3[0m  [["session_token", "dJExBbMYrXGeSo-8b16M_g"], ["updated_at", "2018-09-14 23:46:16.421326"], ["id", 1]]
  ↳ app/models/user.rb:48
  [1m[35m (0.4ms)[0m  [1m[35mCOMMIT[0m
  ↳ app/models/user.rb:48
Redirected to http://localhost:3000/users/1
Completed 302 Found in 118ms (ActiveRecord: 11.2ms)


Started GET "/users/1" for 127.0.0.1 at 2018-09-14 16:46:16 -0700
Processing by UsersController#show as HTML
  Parameters: {"id"=>"1"}
  [1m[36mUser Load (0.6ms)[0m  [1m[34mSELECT  "users".* FROM "users" WHERE "users"."id" = $1 LIMIT $2[0m  [["id", 1], ["LIMIT", 1]]
  ↳ app/controllers/users_controller.rb:24
  Rendering users/show.html.erb within layouts/application
  Rendered users/show.html.erb within layouts/application (0.5ms)
  [1m[36mUser Load (0.8ms)[0m  [1m[34mSELECT  "users".* FROM "users" WHERE "users"."session_token" = $1 LIMIT $2[0m  [["session_token", "dJExBbMYrXGeSo-8b16M_g"], ["LIMIT", 1]]
  ↳ app/controllers/application_controller.rb:18
Completed 200 OK in 48ms (Views: 43.1ms | ActiveRecord: 1.4ms)


Started DELETE "/users/session_url" for 127.0.0.1 at 2018-09-14 16:46:22 -0700
  
ActionController::RoutingError (No route matches [DELETE] "/users/session_url"):
  
actionpack (5.2.1) lib/action_dispatch/middleware/debug_exceptions.rb:65:in `call'
web-console (3.7.0) lib/web_console/middleware.rb:135:in `call_app'
web-console (3.7.0) lib/web_console/middleware.rb:30:in `block in call'
web-console (3.7.0) lib/web_console/middleware.rb:20:in `catch'
web-console (3.7.0) lib/web_console/middleware.rb:20:in `call'
actionpack (5.2.1) lib/action_dispatch/middleware/show_exceptions.rb:33:in `call'
railties (5.2.1) lib/rails/rack/logger.rb:38:in `call_app'
railties (5.2.1) lib/rails/rack/logger.rb:26:in `block in call'
activesupport (5.2.1) lib/active_support/tagged_logging.rb:71:in `block in tagged'
activesupport (5.2.1) lib/active_support/tagged_logging.rb:28:in `tagged'
activesupport (5.2.1) lib/active_support/tagged_logging.rb:71:in `tagged'
railties (5.2.1) lib/rails/rack/logger.rb:26:in `call'
sprockets-rails (3.2.1) lib/sprockets/rails/quiet_assets.rb:13:in `call'
actionpack (5.2.1) lib/action_dispatch/middleware/remote_ip.rb:81:in `call'
actionpack (5.2.1) lib/action_dispatch/middleware/request_id.rb:27:in `call'
rack (2.0.5) lib/rack/method_override.rb:22:in `call'
rack (2.0.5) lib/rack/runtime.rb:22:in `call'
activesupport (5.2.1) lib/active_support/cache/strategy/local_cache_middleware.rb:29:in `call'
actionpack (5.2.1) lib/action_dispatch/middleware/executor.rb:14:in `call'
actionpack (5.2.1) lib/action_dispatch/middleware/static.rb:127:in `call'
rack (2.0.5) lib/rack/sendfile.rb:111:in `call'
railties (5.2.1) lib/rails/engine.rb:524:in `call'
puma (3.12.0) lib/puma/configuration.rb:225:in `call'
puma (3.12.0) lib/puma/server.rb:658:in `handle_request'
puma (3.12.0) lib/puma/server.rb:472:in `process_client'
puma (3.12.0) lib/puma/server.rb:332:in `block in run'
puma (3.12.0) lib/puma/thread_pool.rb:133:in `block in spawn_thread'
Started DELETE "/users/session_url" for 127.0.0.1 at 2018-09-14 16:47:24 -0700
  
ActionController::RoutingError (No route matches [DELETE] "/users/session_url"):
  
actionpack (5.2.1) lib/action_dispatch/middleware/debug_exceptions.rb:65:in `call'
web-console (3.7.0) lib/web_console/middleware.rb:135:in `call_app'
web-console (3.7.0) lib/web_console/middleware.rb:30:in `block in call'
web-console (3.7.0) lib/web_console/middleware.rb:20:in `catch'
web-console (3.7.0) lib/web_console/middleware.rb:20:in `call'
actionpack (5.2.1) lib/action_dispatch/middleware/show_exceptions.rb:33:in `call'
railties (5.2.1) lib/rails/rack/logger.rb:38:in `call_app'
railties (5.2.1) lib/rails/rack/logger.rb:26:in `block in call'
activesupport (5.2.1) lib/active_support/tagged_logging.rb:71:in `block in tagged'
activesupport (5.2.1) lib/active_support/tagged_logging.rb:28:in `tagged'
activesupport (5.2.1) lib/active_support/tagged_logging.rb:71:in `tagged'
railties (5.2.1) lib/rails/rack/logger.rb:26:in `call'
sprockets-rails (3.2.1) lib/sprockets/rails/quiet_assets.rb:13:in `call'
actionpack (5.2.1) lib/action_dispatch/middleware/remote_ip.rb:81:in `call'
actionpack (5.2.1) lib/action_dispatch/middleware/request_id.rb:27:in `call'
rack (2.0.5) lib/rack/method_override.rb:22:in `call'
rack (2.0.5) lib/rack/runtime.rb:22:in `call'
activesupport (5.2.1) lib/active_support/cache/strategy/local_cache_middleware.rb:29:in `call'
actionpack (5.2.1) lib/action_dispatch/middleware/executor.rb:14:in `call'
actionpack (5.2.1) lib/action_dispatch/middleware/static.rb:127:in `call'
rack (2.0.5) lib/rack/sendfile.rb:111:in `call'
railties (5.2.1) lib/rails/engine.rb:524:in `call'
puma (3.12.0) lib/puma/configuration.rb:225:in `call'
puma (3.12.0) lib/puma/server.rb:658:in `handle_request'
puma (3.12.0) lib/puma/server.rb:472:in `process_client'
puma (3.12.0) lib/puma/server.rb:332:in `block in run'
puma (3.12.0) lib/puma/thread_pool.rb:133:in `block in spawn_thread'
Started GET "/users/session/new" for 127.0.0.1 at 2018-09-14 16:50:24 -0700
  
ActionController::RoutingError (No route matches [GET] "/users/session/new"):
  
actionpack (5.2.1) lib/action_dispatch/middleware/debug_exceptions.rb:65:in `call'
web-console (3.7.0) lib/web_console/middleware.rb:135:in `call_app'
web-console (3.7.0) lib/web_console/middleware.rb:30:in `block in call'
web-console (3.7.0) lib/web_console/middleware.rb:20:in `catch'
web-console (3.7.0) lib/web_console/middleware.rb:20:in `call'
actionpack (5.2.1) lib/action_dispatch/middleware/show_exceptions.rb:33:in `call'
railties (5.2.1) lib/rails/rack/logger.rb:38:in `call_app'
railties (5.2.1) lib/rails/rack/logger.rb:26:in `block in call'
activesupport (5.2.1) lib/active_support/tagged_logging.rb:71:in `block in tagged'
activesupport (5.2.1) lib/active_support/tagged_logging.rb:28:in `tagged'
activesupport (5.2.1) lib/active_support/tagged_logging.rb:71:in `tagged'
railties (5.2.1) lib/rails/rack/logger.rb:26:in `call'
sprockets-rails (3.2.1) lib/sprockets/rails/quiet_assets.rb:13:in `call'
actionpack (5.2.1) lib/action_dispatch/middleware/remote_ip.rb:81:in `call'
actionpack (5.2.1) lib/action_dispatch/middleware/request_id.rb:27:in `call'
rack (2.0.5) lib/rack/method_override.rb:22:in `call'
rack (2.0.5) lib/rack/runtime.rb:22:in `call'
activesupport (5.2.1) lib/active_support/cache/strategy/local_cache_middleware.rb:29:in `call'
actionpack (5.2.1) lib/action_dispatch/middleware/executor.rb:14:in `call'
actionpack (5.2.1) lib/action_dispatch/middleware/static.rb:127:in `call'
rack (2.0.5) lib/rack/sendfile.rb:111:in `call'
railties (5.2.1) lib/rails/engine.rb:524:in `call'
puma (3.12.0) lib/puma/configuration.rb:225:in `call'
puma (3.12.0) lib/puma/server.rb:658:in `handle_request'
puma (3.12.0) lib/puma/server.rb:472:in `process_client'
puma (3.12.0) lib/puma/server.rb:332:in `block in run'
puma (3.12.0) lib/puma/thread_pool.rb:133:in `block in spawn_thread'
Started GET "/session/new" for 127.0.0.1 at 2018-09-14 16:50:27 -0700
Processing by SessionsController#new as HTML
  [1m[36mUser Load (0.5ms)[0m  [1m[34mSELECT  "users".* FROM "users" WHERE "users"."session_token" = $1 LIMIT $2[0m  [["session_token", "dJExBbMYrXGeSo-8b16M_g"], ["LIMIT", 1]]
  ↳ app/controllers/application_controller.rb:17
Redirected to http://localhost:3000/users
Filter chain halted as :require_logout rendered or redirected
Completed 302 Found in 26ms (ActiveRecord: 6.7ms)


Started GET "/users" for 127.0.0.1 at 2018-09-14 16:50:27 -0700
Processing by UsersController#index as HTML
  Rendering users/index.html.erb within layouts/application
  [1m[36mUser Load (3.1ms)[0m  [1m[34mSELECT "users".* FROM "users"[0m
  ↳ app/views/users/index.html.erb:4
  Rendered users/index.html.erb within layouts/application (7.5ms)
  [1m[36mUser Load (0.7ms)[0m  [1m[34mSELECT  "users".* FROM "users" WHERE "users"."session_token" = $1 LIMIT $2[0m  [["session_token", "dJExBbMYrXGeSo-8b16M_g"], ["LIMIT", 1]]
  ↳ app/controllers/application_controller.rb:17
Completed 200 OK in 66ms (Views: 61.4ms | ActiveRecord: 3.8ms)


Started DELETE "/session" for 127.0.0.1 at 2018-09-14 16:50:31 -0700
Processing by SessionsController#destroy as HTML
  Parameters: {"authenticity_token"=>"sRjTH8X96Q2A6q/+IkLb01JaP608HZJ6xV4J0WebMx5sXE5rm9F9Cr9Mvvp3EdRtMFWqeEdpbRbYggNQcFuoPQ=="}
  [1m[36mUser Load (0.8ms)[0m  [1m[34mSELECT  "users".* FROM "users" WHERE "users"."session_token" = $1 LIMIT $2[0m  [["session_token", "dJExBbMYrXGeSo-8b16M_g"], ["LIMIT", 1]]
  ↳ app/controllers/application_controller.rb:17
Started GET "/session/new" for 127.0.0.1 at 2018-09-14 16:51:56 -0700
  [1m[35m (1.8ms)[0m  [1m[34mSELECT "schema_migrations"."version" FROM "schema_migrations" ORDER BY "schema_migrations"."version" ASC[0m
  ↳ /usr/local/var/rbenv/versions/2.5.0/lib/ruby/gems/2.5.0/gems/activerecord-5.2.1/lib/active_record/log_subscriber.rb:98
Processing by SessionsController#new as HTML
  [1m[36mUser Load (1.5ms)[0m  [1m[34mSELECT  "users".* FROM "users" WHERE "users"."session_token" = $1 LIMIT $2[0m  [["session_token", "dJExBbMYrXGeSo-8b16M_g"], ["LIMIT", 1]]
  ↳ app/controllers/application_controller.rb:17
Redirected to http://localhost:3000/users
Filter chain halted as :require_logout rendered or redirected
Completed 302 Found in 38ms (ActiveRecord: 9.0ms)


Started GET "/users" for 127.0.0.1 at 2018-09-14 16:51:56 -0700
Processing by UsersController#index as HTML
  Rendering users/index.html.erb within layouts/application
  [1m[36mUser Load (0.7ms)[0m  [1m[34mSELECT "users".* FROM "users"[0m
  ↳ app/views/users/index.html.erb:4
  Rendered users/index.html.erb within layouts/application (11.6ms)
  [1m[36mUser Load (0.7ms)[0m  [1m[34mSELECT  "users".* FROM "users" WHERE "users"."session_token" = $1 LIMIT $2[0m  [["session_token", "dJExBbMYrXGeSo-8b16M_g"], ["LIMIT", 1]]
  ↳ app/controllers/application_controller.rb:17
Completed 200 OK in 300ms (Views: 298.1ms | ActiveRecord: 1.4ms)


Started DELETE "/session" for 127.0.0.1 at 2018-09-14 16:51:58 -0700
Processing by SessionsController#destroy as HTML
  Parameters: {"authenticity_token"=>"lE7PiagHLA6b4fGYsLvUEPa3K4/GrtMbtQMVU9YoQSFJClL99iu4CaRH4Jzl6NuulLi+Wr3aLHeo3x/SwejaAg=="}
  [1m[36mUser Load (0.7ms)[0m  [1m[34mSELECT  "users".* FROM "users" WHERE "users"."session_token" = $1 LIMIT $2[0m  [["session_token", "dJExBbMYrXGeSo-8b16M_g"], ["LIMIT", 1]]
  ↳ app/controllers/application_controller.rb:17
Completed 500 Internal Server Error in 103ms (ActiveRecord: 0.7ms)



NoMethodError - undefined method `reset_session_token!' for #<SessionsController:0x00007f9e95a1d840>
Did you mean?  reset_session:
  app/controllers/application_controller.rb:11:in `logout_user!'
  app/controllers/sessions_controller.rb:27:in `destroy'

Started POST "/__better_errors/e7ab9ac3f88f9a28/variables" for 127.0.0.1 at 2018-09-14 16:51:58 -0700
Started GET "/session/new" for 127.0.0.1 at 2018-09-14 16:52:53 -0700
Processing by SessionsController#new as HTML
  [1m[36mUser Load (1.1ms)[0m  [1m[34mSELECT  "users".* FROM "users" WHERE "users"."session_token" = $1 LIMIT $2[0m  [["session_token", "dJExBbMYrXGeSo-8b16M_g"], ["LIMIT", 1]]
  ↳ app/controllers/application_controller.rb:17
Redirected to http://localhost:3000/users
Filter chain halted as :require_logout rendered or redirected
Completed 302 Found in 54ms (ActiveRecord: 10.8ms)


Started GET "/users" for 127.0.0.1 at 2018-09-14 16:52:53 -0700
Processing by UsersController#index as HTML
  Rendering users/index.html.erb within layouts/application
  [1m[36mUser Load (0.6ms)[0m  [1m[34mSELECT "users".* FROM "users"[0m
  ↳ app/views/users/index.html.erb:4
  Rendered users/index.html.erb within layouts/application (29.3ms)
  [1m[36mUser Load (0.5ms)[0m  [1m[34mSELECT  "users".* FROM "users" WHERE "users"."session_token" = $1 LIMIT $2[0m  [["session_token", "dJExBbMYrXGeSo-8b16M_g"], ["LIMIT", 1]]
  ↳ app/controllers/application_controller.rb:17
Completed 200 OK in 88ms (Views: 77.0ms | ActiveRecord: 10.4ms)


Started DELETE "/session" for 127.0.0.1 at 2018-09-14 16:52:56 -0700
Processing by SessionsController#destroy as HTML
  Parameters: {"authenticity_token"=>"AZXLbL/YY5kj4HS4EeuFAcqSdJxRDkSQha4Q+zygAdLc0VYY4fT3nhxGZbxEuIq/qJ3hSSp6u/yYchp6K2Ca8Q=="}
  [1m[36mUser Load (0.8ms)[0m  [1m[34mSELECT  "users".* FROM "users" WHERE "users"."session_token" = $1 LIMIT $2[0m  [["session_token", "dJExBbMYrXGeSo-8b16M_g"], ["LIMIT", 1]]
  ↳ app/controllers/application_controller.rb:17
Completed 500 Internal Server Error in 133ms (ActiveRecord: 0.8ms)



NoMethodError - undefined method `reset_session_token!' for #<SessionsController:0x00007f9e96b9dd18>
Did you mean?  reset_session:
  app/controllers/application_controller.rb:11:in `logout_user!'
  app/controllers/sessions_controller.rb:27:in `destroy'

Started POST "/__better_errors/c9695c403d145419/variables" for 127.0.0.1 at 2018-09-14 16:52:56 -0700
Started GET "/session/new" for 127.0.0.1 at 2018-09-14 16:53:31 -0700
Processing by SessionsController#new as HTML
  [1m[36mUser Load (0.4ms)[0m  [1m[34mSELECT  "users".* FROM "users" WHERE "users"."session_token" = $1 LIMIT $2[0m  [["session_token", "dJExBbMYrXGeSo-8b16M_g"], ["LIMIT", 1]]
  ↳ app/controllers/application_controller.rb:17
Redirected to http://localhost:3000/users
Filter chain halted as :require_logout rendered or redirected
Completed 302 Found in 37ms (ActiveRecord: 10.3ms)


Started GET "/users" for 127.0.0.1 at 2018-09-14 16:53:31 -0700
Processing by UsersController#index as HTML
  Rendering users/index.html.erb within layouts/application
  [1m[36mUser Load (0.6ms)[0m  [1m[34mSELECT "users".* FROM "users"[0m
  ↳ app/views/users/index.html.erb:4
  Rendered users/index.html.erb within layouts/application (3.5ms)
  [1m[36mUser Load (0.4ms)[0m  [1m[34mSELECT  "users".* FROM "users" WHERE "users"."session_token" = $1 LIMIT $2[0m  [["session_token", "dJExBbMYrXGeSo-8b16M_g"], ["LIMIT", 1]]
  ↳ app/controllers/application_controller.rb:17
Completed 200 OK in 60ms (Views: 58.0ms | ActiveRecord: 1.0ms)


Started DELETE "/session" for 127.0.0.1 at 2018-09-14 16:53:33 -0700
Processing by SessionsController#destroy as HTML
  Parameters: {"authenticity_token"=>"w/da162J4sq4z8uKVPc6hAFFoyWnK05cGBPOxcdtwPAes8ej86V2zYdp2o4BpDU6Y0o28NxfsTAFz8RE0K1b0w=="}
  [1m[36mUser Load (0.7ms)[0m  [1m[34mSELECT  "users".* FROM "users" WHERE "users"."session_token" = $1 LIMIT $2[0m  [["session_token", "dJExBbMYrXGeSo-8b16M_g"], ["LIMIT", 1]]
  ↳ app/controllers/application_controller.rb:17
  [1m[35m (0.3ms)[0m  [1m[35mBEGIN[0m
  ↳ app/models/user.rb:48
  [1m[36mUser Exists (0.8ms)[0m  [1m[34mSELECT  1 AS one FROM "users" WHERE "users"."username" = $1 AND "users"."id" != $2 LIMIT $3[0m  [["username", "zapdos"], ["id", 1], ["LIMIT", 1]]
  ↳ app/models/user.rb:48
  [1m[36mUser Update (1.1ms)[0m  [1m[33mUPDATE "users" SET "session_token" = $1, "updated_at" = $2 WHERE "users"."id" = $3[0m  [["session_token", "uiWVoN3Xzmo1JrJfXlg-3w"], ["updated_at", "2018-09-14 23:53:33.162953"], ["id", 1]]
  ↳ app/models/user.rb:48
  [1m[35m (0.6ms)[0m  [1m[35mCOMMIT[0m
  ↳ app/models/user.rb:48
Redirected to http://localhost:3000/session/new
Completed 302 Found in 12ms (ActiveRecord: 3.5ms)


Started GET "/session/new" for 127.0.0.1 at 2018-09-14 16:53:33 -0700
Processing by SessionsController#new as HTML
  [1m[36mUser Load (0.5ms)[0m  [1m[34mSELECT  "users".* FROM "users" WHERE "users"."session_token" IS NULL LIMIT $1[0m  [["LIMIT", 1]]
  ↳ app/controllers/application_controller.rb:17
  Rendering sessions/new.html.erb within layouts/application
  Rendered sessions/new.html.erb within layouts/application (0.7ms)
  [1m[36mCACHE User Load (0.0ms)[0m  [1m[34mSELECT  "users".* FROM "users" WHERE "users"."session_token" IS NULL LIMIT $1[0m  [["LIMIT", 1]]
  ↳ app/controllers/application_controller.rb:17
Completed 200 OK in 30ms (Views: 27.5ms | ActiveRecord: 0.6ms)


Started GET "/session?authenticity_token=4LLFP3h7ncgRpHOtIAm3fYZnxaU43TMdQIN%2BG2pL8Os99lhLJlcJzy4CYql1WrjD5GhQcEOpzHFdX3SafYtryA%3D%3D" for 127.0.0.1 at 2018-09-14 16:53:46 -0700
  
ActionController::RoutingError (No route matches [GET] "/session"):
  
actionpack (5.2.1) lib/action_dispatch/middleware/debug_exceptions.rb:65:in `call'
web-console (3.7.0) lib/web_console/middleware.rb:135:in `call_app'
web-console (3.7.0) lib/web_console/middleware.rb:30:in `block in call'
web-console (3.7.0) lib/web_console/middleware.rb:20:in `catch'
web-console (3.7.0) lib/web_console/middleware.rb:20:in `call'
actionpack (5.2.1) lib/action_dispatch/middleware/show_exceptions.rb:33:in `call'
railties (5.2.1) lib/rails/rack/logger.rb:38:in `call_app'
railties (5.2.1) lib/rails/rack/logger.rb:26:in `block in call'
activesupport (5.2.1) lib/active_support/tagged_logging.rb:71:in `block in tagged'
activesupport (5.2.1) lib/active_support/tagged_logging.rb:28:in `tagged'
activesupport (5.2.1) lib/active_support/tagged_logging.rb:71:in `tagged'
railties (5.2.1) lib/rails/rack/logger.rb:26:in `call'
sprockets-rails (3.2.1) lib/sprockets/rails/quiet_assets.rb:13:in `call'
actionpack (5.2.1) lib/action_dispatch/middleware/remote_ip.rb:81:in `call'
actionpack (5.2.1) lib/action_dispatch/middleware/request_id.rb:27:in `call'
rack (2.0.5) lib/rack/method_override.rb:22:in `call'
rack (2.0.5) lib/rack/runtime.rb:22:in `call'
activesupport (5.2.1) lib/active_support/cache/strategy/local_cache_middleware.rb:29:in `call'
actionpack (5.2.1) lib/action_dispatch/middleware/executor.rb:14:in `call'
actionpack (5.2.1) lib/action_dispatch/middleware/static.rb:127:in `call'
rack (2.0.5) lib/rack/sendfile.rb:111:in `call'
railties (5.2.1) lib/rails/engine.rb:524:in `call'
puma (3.12.0) lib/puma/configuration.rb:225:in `call'
puma (3.12.0) lib/puma/server.rb:658:in `handle_request'
puma (3.12.0) lib/puma/server.rb:472:in `process_client'
puma (3.12.0) lib/puma/server.rb:332:in `block in run'
puma (3.12.0) lib/puma/thread_pool.rb:133:in `block in spawn_thread'
Started POST "/session" for 127.0.0.1 at 2018-09-14 16:53:52 -0700
Processing by SessionsController#create as HTML
  Parameters: {"authenticity_token"=>"4LLFP3h7ncgRpHOtIAm3fYZnxaU43TMdQIN+G2pL8Os99lhLJlcJzy4CYql1WrjD5GhQcEOpzHFdX3SafYtryA==", "user"=>{"username"=>"", "password"=>"[FILTERED]"}}
  [1m[36mUser Load (0.8ms)[0m  [1m[34mSELECT  "users".* FROM "users" WHERE "users"."session_token" IS NULL LIMIT $1[0m  [["LIMIT", 1]]
  ↳ app/controllers/application_controller.rb:17
  [1m[36mUser Load (0.7ms)[0m  [1m[34mSELECT  "users".* FROM "users" WHERE "users"."username" = $1 LIMIT $2[0m  [["username", ""], ["LIMIT", 1]]
  ↳ app/models/user.rb:27
Redirected to http://localhost:3000/session/new
Completed 302 Found in 7ms (ActiveRecord: 1.5ms)


Started GET "/session/new" for 127.0.0.1 at 2018-09-14 16:53:52 -0700
Processing by SessionsController#new as HTML
  [1m[36mUser Load (0.5ms)[0m  [1m[34mSELECT  "users".* FROM "users" WHERE "users"."session_token" IS NULL LIMIT $1[0m  [["LIMIT", 1]]
  ↳ app/controllers/application_controller.rb:17
  Rendering sessions/new.html.erb within layouts/application
  Rendered sessions/new.html.erb within layouts/application (0.6ms)
  [1m[36mCACHE User Load (0.1ms)[0m  [1m[34mSELECT  "users".* FROM "users" WHERE "users"."session_token" IS NULL LIMIT $1[0m  [["LIMIT", 1]]
  ↳ app/controllers/application_controller.rb:17
Completed 200 OK in 33ms (Views: 30.4ms | ActiveRecord: 0.6ms)


Started POST "/session" for 127.0.0.1 at 2018-09-14 16:53:57 -0700
Processing by SessionsController#create as HTML
  Parameters: {"authenticity_token"=>"XpUiU1vQWYqs2/lmHaLSomfXLIli4/l85gYvM1PH5ECD0b8nBfzNjZN96GJI8d0cBdi5XBmXBhD72iWyRAd/Yw==", "user"=>{"username"=>"zapdos", "password"=>"[FILTERED]"}}
  [1m[36mUser Load (0.6ms)[0m  [1m[34mSELECT  "users".* FROM "users" WHERE "users"."session_token" IS NULL LIMIT $1[0m  [["LIMIT", 1]]
  ↳ app/controllers/application_controller.rb:17
  [1m[36mUser Load (0.6ms)[0m  [1m[34mSELECT  "users".* FROM "users" WHERE "users"."username" = $1 LIMIT $2[0m  [["username", "zapdos"], ["LIMIT", 1]]
  ↳ app/models/user.rb:27
  [1m[35m (0.2ms)[0m  [1m[35mBEGIN[0m
  ↳ app/models/user.rb:48
  [1m[36mUser Exists (0.7ms)[0m  [1m[34mSELECT  1 AS one FROM "users" WHERE "users"."username" = $1 AND "users"."id" != $2 LIMIT $3[0m  [["username", "zapdos"], ["id", 1], ["LIMIT", 1]]
  ↳ app/models/user.rb:48
  [1m[36mUser Update (0.6ms)[0m  [1m[33mUPDATE "users" SET "session_token" = $1, "updated_at" = $2 WHERE "users"."id" = $3[0m  [["session_token", "-Vd1sjDpiBznFWPpMtNfag"], ["updated_at", "2018-09-14 23:53:57.623008"], ["id", 1]]
  ↳ app/models/user.rb:48
  [1m[35m (0.5ms)[0m  [1m[35mCOMMIT[0m
  ↳ app/models/user.rb:48
Redirected to http://localhost:3000/users/1
Completed 302 Found in 89ms (ActiveRecord: 3.3ms)


Started GET "/users/1" for 127.0.0.1 at 2018-09-14 16:53:57 -0700
Processing by UsersController#show as HTML
  Parameters: {"id"=>"1"}
  [1m[36mUser Load (0.4ms)[0m  [1m[34mSELECT  "users".* FROM "users" WHERE "users"."id" = $1 LIMIT $2[0m  [["id", 1], ["LIMIT", 1]]
  ↳ app/controllers/users_controller.rb:24
  Rendering users/show.html.erb within layouts/application
  Rendered users/show.html.erb within layouts/application (0.6ms)
  [1m[36mUser Load (0.4ms)[0m  [1m[34mSELECT  "users".* FROM "users" WHERE "users"."session_token" = $1 LIMIT $2[0m  [["session_token", "-Vd1sjDpiBznFWPpMtNfag"], ["LIMIT", 1]]
  ↳ app/controllers/application_controller.rb:17
Completed 200 OK in 33ms (Views: 30.2ms | ActiveRecord: 0.7ms)


Started DELETE "/session" for 127.0.0.1 at 2018-09-14 16:53:59 -0700
Processing by SessionsController#destroy as HTML
  Parameters: {"authenticity_token"=>"9HtqSHrTZcbyibHKKPnwLdHZ/mb0+RJynUfrD2eXgT0pP/c8JP/xwc0voM59qv+Ts9Zrs4+N7R6Am+GOcFcaHg=="}
  [1m[36mUser Load (0.4ms)[0m  [1m[34mSELECT  "users".* FROM "users" WHERE "users"."session_token" = $1 LIMIT $2[0m  [["session_token", "-Vd1sjDpiBznFWPpMtNfag"], ["LIMIT", 1]]
  ↳ app/controllers/application_controller.rb:17
  [1m[35m (0.3ms)[0m  [1m[35mBEGIN[0m
  ↳ app/models/user.rb:48
  [1m[36mUser Exists (0.7ms)[0m  [1m[34mSELECT  1 AS one FROM "users" WHERE "users"."username" = $1 AND "users"."id" != $2 LIMIT $3[0m  [["username", "zapdos"], ["id", 1], ["LIMIT", 1]]
  ↳ app/models/user.rb:48
  [1m[36mUser Update (0.8ms)[0m  [1m[33mUPDATE "users" SET "session_token" = $1, "updated_at" = $2 WHERE "users"."id" = $3[0m  [["session_token", "FVDB2KtrcydkMHe9Z_HmMw"], ["updated_at", "2018-09-14 23:53:59.242214"], ["id", 1]]
  ↳ app/models/user.rb:48
  [1m[35m (0.7ms)[0m  [1m[35mCOMMIT[0m
  ↳ app/models/user.rb:48
Redirected to http://localhost:3000/session/new
Completed 302 Found in 11ms (ActiveRecord: 2.9ms)


Started GET "/session/new" for 127.0.0.1 at 2018-09-14 16:53:59 -0700
Processing by SessionsController#new as HTML
  [1m[36mUser Load (0.5ms)[0m  [1m[34mSELECT  "users".* FROM "users" WHERE "users"."session_token" IS NULL LIMIT $1[0m  [["LIMIT", 1]]
  ↳ app/controllers/application_controller.rb:17
  Rendering sessions/new.html.erb within layouts/application
  Rendered sessions/new.html.erb within layouts/application (0.6ms)
  [1m[36mCACHE User Load (0.0ms)[0m  [1m[34mSELECT  "users".* FROM "users" WHERE "users"."session_token" IS NULL LIMIT $1[0m  [["LIMIT", 1]]
  ↳ app/controllers/application_controller.rb:17
Completed 200 OK in 40ms (Views: 37.2ms | ActiveRecord: 0.5ms)


